0 info it worked if it ends with ok
1 verbose cli [ 'c:\\Program Files\\nodejs\\node.exe',
1 verbose cli   'C:\\Users\\eduar\\AppData\\Roaming\\npm\\node_modules\\npm\\bin\\npm-cli.js',
1 verbose cli   'run',
1 verbose cli   'assets' ]
2 info using npm@4.1.1
3 info using node@v8.9.1
4 verbose run-script [ 'preassets', 'assets', 'postassets' ]
5 info lifecycle 7stepsToTheStars@1.0.0~preassets: 7stepsToTheStars@1.0.0
6 silly lifecycle 7stepsToTheStars@1.0.0~preassets: no script for preassets, continuing
7 info lifecycle 7stepsToTheStars@1.0.0~assets: 7stepsToTheStars@1.0.0
8 verbose lifecycle 7stepsToTheStars@1.0.0~assets: unsafe-perm in lifecycle true
9 verbose lifecycle 7stepsToTheStars@1.0.0~assets: PATH: C:\Users\eduar\AppData\Roaming\npm\node_modules\npm\bin\node-gyp-bin;C:\Users\eduar\OneDrive\_dev\web\projetos\soundboard\node_modules\.bin;C:\Users\eduar\AppData\Roaming\npm\node_modules\npm\bin\node-gyp-bin;C:\Users\eduar\OneDrive\_dev\web\projetos\soundboard\node_modules\.bin;C:\Program Files\ConEmu\ConEmu\Scripts;C:\Program Files\ConEmu;C:\Program Files\ConEmu\ConEmu;c:\programdata\oracle\java\javapath;c:\program files (x86)\intel\icls client\;c:\program files\intel\icls client\;c:\windows\system32;c:\windows;c:\windows\system32\wbem;c:\windows\system32\windowspowershell\v1.0\;c:\program files (x86)\intel\intel(r) management engine components\dal;c:\program files\intel\intel(r) management engine components\dal;c:\program files (x86)\intel\intel(r) management engine components\ipt;c:\program files\intel\intel(r) management engine components\ipt;c:\program files\tortoisesvn\bin;c:\users\eduar\.dnx\bin;c:\program files\microsoft dnx\dnvm\;c:\program files (x86)\windows kits\8.1\windows performance toolkit\;c:\program files\microsoft sql server\130\tools\binn\;c:\programdata\chocolatey\bin;c:\program files\microsoft\web platform installer\;c:\program files (x86)\microsoft sql server\110\dts\binn\;c:\program files (x86)\microsoft sql server\120\dts\binn\;c:\program files (x86)\microsoft sql server\130\dts\binn\;c:\windows\system32;c:\windows;c:\windows\system32\wbem;c:\windows\system32\windowspowershell\v1.0\;c:\program files\llvm\bin;c:\program files\putty\;c:\program files\calibre2\;c:\users\eduar\appdata\roaming\nvm;c:\program files\nodejs;c:\program files\git\cmd;c:\hashicorp\vagrant\bin;C:\Program Files (x86)\NVIDIA Corporation\PhysX\Common;C:\GnuWin32\bin;C:\MinGW\bin;C:\Program Files (x86)\Android\android-sdk\platform-tools;C:\Program Files\nodejs\;C:\Users\eduar\scoop\apps\maven\current\bin;C:\Users\eduar\scoop\shims;C:\Users\eduar\AppData\Local\Programs\MiKTeX 2.9\miktex\bin\;C:\Users\eduar\AppData\Local\Microsoft\WindowsApps;C:\Users\eduar\AppData\Local\atom\bin;C:\Users\eduar\AppData\Roaming\nvm;C:\Program Files\Heroku\bin;C:\Users\eduar\AppData\Local\Yarn\bin;C:\Program Files\Microsoft VS Code\bin;C:\Users\eduar\AppData\Roaming\npm
10 verbose lifecycle 7stepsToTheStars@1.0.0~assets: CWD: C:\Users\eduar\OneDrive\_dev\web\projetos\soundboard
11 silly lifecycle 7stepsToTheStars@1.0.0~assets: Args: [ '/d /s /c', 'webpack -w --display-max-modules 0' ]
12 silly lifecycle 7stepsToTheStars@1.0.0~assets: Returned: code: 1  signal: null
13 info lifecycle 7stepsToTheStars@1.0.0~assets: Failed to exec assets script
14 verbose stack Error: 7stepsToTheStars@1.0.0 assets: `webpack -w --display-max-modules 0`
14 verbose stack Exit status 1
14 verbose stack     at EventEmitter.<anonymous> (C:\Users\eduar\AppData\Roaming\npm\node_modules\npm\lib\utils\lifecycle.js:279:16)
14 verbose stack     at emitTwo (events.js:126:13)
14 verbose stack     at EventEmitter.emit (events.js:214:7)
14 verbose stack     at ChildProcess.<anonymous> (C:\Users\eduar\AppData\Roaming\npm\node_modules\npm\lib\utils\spawn.js:40:14)
14 verbose stack     at emitTwo (events.js:126:13)
14 verbose stack     at ChildProcess.emit (events.js:214:7)
14 verbose stack     at maybeClose (internal/child_process.js:925:16)
14 verbose stack     at Process.ChildProcess._handle.onexit (internal/child_process.js:209:5)
15 verbose pkgid 7stepsToTheStars@1.0.0
16 verbose cwd C:\Users\eduar\OneDrive\_dev\web\projetos\soundboard
17 error Windows_NT 10.0.15063
18 error argv "c:\\Program Files\\nodejs\\node.exe" "C:\\Users\\eduar\\AppData\\Roaming\\npm\\node_modules\\npm\\bin\\npm-cli.js" "run" "assets"
19 error node v8.9.1
20 error npm  v4.1.1
21 error code ELIFECYCLE
22 error 7stepsToTheStars@1.0.0 assets: `webpack -w --display-max-modules 0`
22 error Exit status 1
23 error Failed at the 7stepsToTheStars@1.0.0 assets script 'webpack -w --display-max-modules 0'.
23 error Make sure you have the latest version of node.js and npm installed.
23 error If you do, this is most likely a problem with the 7stepsToTheStars package,
23 error not with npm itself.
23 error Tell the author that this fails on your system:
23 error     webpack -w --display-max-modules 0
23 error You can get information on how to open an issue for this project with:
23 error     npm bugs 7stepsToTheStars
23 error Or if that isn't available, you can get their info via:
23 error     npm owner ls 7stepsToTheStars
23 error There is likely additional logging output above.
24 verbose exit [ 1, true ]
